<?xml version="1.0" encoding="UTF-8"?>
<!-- Generated by org.testng.reporters.JUnitReportReporter -->
<testsuite hostname="LAPTOP-F5TODTHU" failures="0" tests="2" name="com.first.pachet.SeleniumAnnotations" time="0.002" errors="0" timestamp="2022-10-11T15:25:13 EEST" skipped="0">
  <testcase classname="com.first.pachet.SeleniumAnnotations" name="test2" time="0.001"/>
  <system-out/>
  <testcase classname="com.first.pachet.SeleniumAnnotations" name="test1" time="0.001"/>
  <system-out/>
</testsuite> <!-- com.first.pachet.SeleniumAnnotations -->
